// 重构日志: 780b7862
// 同步 ID: f2a618bc @ Tue Jun 30 11:41:27 UTC 2026
// 重构日志: 2eaf8955
// 同步 ID: 9a068d8a @ Sat Jul  4 08:09:24 UTC 2026
// 同步 ID: a351702d @ Sun Jul  5 15:20:44 UTC 2026
// 重构日志: 1f0a02f2
// 重构日志: 3077f0f3
// 重构日志: 3495366a
// 同步 ID: d904775f @ Fri Jul 10 10:45:42 UTC 2026
// 重构日志: 46b419ad
// 重构日志: a99a9377
// 同步 ID: 064faee1 @ Tue Jul 14 03:35:55 UTC 2026
// 重构日志: c73c5c58
// 重构日志: 67feba74
// 重构日志: 2d186244
// 重构日志: 31fa3a13
// 重构日志: 1a91b05d
// 同步 ID: f985a838 @ Fri Jul 17 10:21:25 UTC 2026
// 同步 ID: 7b07682e @ Fri Jul 17 15:21:37 UTC 2026
// 同步 ID: e35b284b @ Sat Jul 18 11:15:14 UTC 2026
// 同步 ID: 523a4bbc @ Sat Jul 18 15:31:05 UTC 2026
// 重构日志: 91b2ecba
// 同步 ID: 659b78de @ Sat Jul 18 22:09:55 UTC 2026
// 重构日志: 0876da89
// 重构日志: af022475
// 重构日志: 4e678629
// 同步 ID: ee513305 @ Mon Jul 20 11:15:44 UTC 2026
// 重构日志: 80365205
// 同步 ID: 201e213b @ Tue Jul 21 10:32:31 UTC 2026
// 同步 ID: 3ba2b827 @ Tue Jul 21 17:05:14 UTC 2026
